[INFO] Scanning for projects...
[INFO] ------------------------------------------------------------------------
[INFO] Building test
[INFO]    task-segment: [clean, org.apache.maven.plugins:maven-compiler-plugin:2.5:compile, install]
[INFO] ------------------------------------------------------------------------
[INFO] [clean:clean]
[INFO] [compiler:compile]
[INFO] Compiling 5 source files to /home/tester/work/test/target/classes
[INFO] [resources:resources]
[INFO] Using 'UTF-8' encoding to copy filtered resources.
[INFO] Copying 1 resource
[INFO] [compiler:compile]
[INFO] Compiling 2 source files to /home/tester/work/test/target/classes
[INFO] [resources:testResources]
[INFO] Using 'UTF-8' encoding to copy filtered resources.
[INFO] Copying 1 resource
[INFO] [compiler:testCompile]
[INFO] Compiling 1 source file to /home/tester/work/test/target/test-classes
[INFO] [surefire:test]
[INFO] Surefire report directory: /home/tester/work/test/target/surefire-reports

-------------------------------------------------------
 T E S T S
-------------------------------------------------------
Running test.AppTest
Tests run: 3, Failures: 2, Errors: 1, Skipped: 0, Time elapsed: 0.022 sec <<< FAILURE!
testApp(test.AppTest)  Time elapsed: 0.006 sec  <<< ERROR!
java.lang.ArithmeticException: / by zero
	at test.AppTest.testApp(AppTest.java:35)
testApp1(test.AppTest)  Time elapsed: 0 sec  <<< FAILURE!
junit.framework.AssertionFailedError: Rigourous Test1. expected:<1> but was:<2>
	at junit.framework.Assert.fail(Assert.java:47)
	at junit.framework.Assert.failNotEquals(Assert.java:280)
	at junit.framework.Assert.assertEquals(Assert.java:64)
	at junit.framework.Assert.assertEquals(Assert.java:198)
	at test.AppTest.testApp1(AppTest.java:40)
testApp2(test.AppTest)  Time elapsed: 0 sec  <<< FAILURE!
junit.framework.AssertionFailedError: Rigourous Test2. expected:<3> but was:<2>
	at junit.framework.Assert.fail(Assert.java:47)
	at junit.framework.Assert.failNotEquals(Assert.java:280)
	at junit.framework.Assert.assertEquals(Assert.java:64)
	at junit.framework.Assert.assertEquals(Assert.java:198)
	at test.AppTest.testApp2(AppTest.java:44)

Results :

Failed tests:   testApp1(test.AppTest): Rigourous Test1. expected:<1> but was:<2>
  testApp2(test.AppTest): Rigourous Test2. expected:<3> but was:<2>

Tests in error: 
  testApp(test.AppTest): / by zero

Tests run: 3, Failures: 2, Errors: 1, Skipped: 0

[INFO] ------------------------------------------------------------------------
[ERROR] BUILD FAILURE
[INFO] ------------------------------------------------------------------------
[INFO] There are test failures.

Please refer to /home/tester/work/test/target/surefire-reports for the individual test results.
[INFO] ------------------------------------------------------------------------
[INFO] For more information, run Maven with the -e switch
[INFO] ------------------------------------------------------------------------
[INFO] Total time: 4 seconds
[INFO] Finished at: Mon Oct 15 15:51:11 EST 2012
[INFO] Final Memory: 24M/161M
[INFO] ------------------------------------------------------------------------
